<?xml version="1.0" encoding="UTF-8"?>
<testng-results total="1" passed="1" failed="0" skipped="0">
  <reporter-output>
  </reporter-output>
  <suite started-at="2026-02-13T15:13:48Z" name="Default suite" finished-at="2026-02-13T15:14:13Z" duration-ms="24536">
    <groups>
    </groups>
    <test started-at="2026-02-13T15:13:48Z" name="Default test" finished-at="2026-02-13T15:14:13Z" duration-ms="24536">
      <class name="rahulshettyacademy.ExtentReports.ExtentReportDemo">
        <test-method is-config="true" signature="config()[pri:0, instance:rahulshettyacademy.ExtentReports.ExtentReportDemo@2a693f59]" started-at="2026-02-13T20:43:48Z" name="config" finished-at="2026-02-13T20:43:49Z" duration-ms="826" status="PASS">
          <reporter-output>
          </reporter-output>
        </test-method> <!-- config -->
        <test-method signature="initialDemo()[pri:0, instance:rahulshettyacademy.ExtentReports.ExtentReportDemo@2a693f59]" started-at="2026-02-13T20:43:49Z" name="initialDemo" finished-at="2026-02-13T20:44:13Z" duration-ms="23663" status="PASS">
          <reporter-output>
          </reporter-output>
        </test-method> <!-- initialDemo -->
      </class> <!-- rahulshettyacademy.ExtentReports.ExtentReportDemo -->
    </test> <!-- Default test -->
  </suite> <!-- Default suite -->
</testng-results>
